0 info it worked if it ends with ok
1 verbose cli [ '/usr/local/bin/node', '/usr/local/bin/npm', 'edit', 'nodemon' ]
2 info using npm@3.7.1
3 info using node@v5.5.0
4 verbose stack Error: ENOENT: no such file or directory, lstat '/Users/samhouston/Desktop/fac/facweeks/four/node/learn-node/node_modules/nodemon'
4 verbose stack     at Error (native)
5 verbose cwd /Users/samhouston/Desktop/fac/facweeks/four/node/learn-node
6 error Darwin 15.2.0
7 error argv "/usr/local/bin/node" "/usr/local/bin/npm" "edit" "nodemon"
8 error node v5.5.0
9 error npm  v3.7.1
10 error path /Users/samhouston/Desktop/fac/facweeks/four/node/learn-node/node_modules/nodemon
11 error code ENOENT
12 error errno -2
13 error syscall lstat
14 error enoent ENOENT: no such file or directory, lstat '/Users/samhouston/Desktop/fac/facweeks/four/node/learn-node/node_modules/nodemon'
15 error enoent ENOENT: no such file or directory, lstat '/Users/samhouston/Desktop/fac/facweeks/four/node/learn-node/node_modules/nodemon'
15 error enoent This is most likely not a problem with npm itself
15 error enoent and is related to npm not being able to find a file.
16 verbose exit [ -2, true ]
